{"date":"Wed Mar 05 2025 22:23:15 GMT+0800 (Philippine Standard Time)","error":{"diagnosticCodes":[2305,2724,2305]},"exception":true,"level":"error","message":"uncaughtException: ⨯ Unable to compile TypeScript:\n\u001b[96mcontroller/applicants.ts\u001b[0m:\u001b[93m4\u001b[0m:\u001b[93m28\u001b[0m - \u001b[91merror\u001b[0m\u001b[90m TS2305: \u001b[0mModule '\"../services/applicant\"' has no exported member 'getApplicantsFailed'.\r\n\r\n\u001b[7m4\u001b[0m import { createApplicants, getApplicantsFailed, getApplicantsOngoing, getApplicantsPassed, getApplicantsPending, getApplicantsRejected, getOngoingStatusByApplicant, ongoingApplicants, rejectApplicant, updateFinalizedApplicantStatus } from '../services/applicant';\r\n\u001b[7m \u001b[0m \u001b[91m                           ~~~~~~~~~~~~~~~~~~~\u001b[0m\r\n\u001b[96mcontroller/applicants.ts\u001b[0m:\u001b[93m4\u001b[0m:\u001b[93m71\u001b[0m - \u001b[91merror\u001b[0m\u001b[90m TS2724: \u001b[0m'\"../services/applicant\"' has no exported member named 'getApplicantsPassed'. Did you mean 'getApplicantsPending'?\r\n\r\n\u001b[7m4\u001b[0m import { createApplicants, getApplicantsFailed, getApplicantsOngoing, getApplicantsPassed, getApplicantsPending, getApplicantsRejected, getOngoingStatusByApplicant, ongoingApplicants, rejectApplicant, updateFinalizedApplicantStatus } from '../services/applicant';\r\n\u001b[7m \u001b[0m \u001b[91m                                                                      ~~~~~~~~~~~~~~~~~~~\u001b[0m\r\n\r\n  \u001b[96mservices/applicant.ts\u001b[0m:\u001b[93m4\u001b[0m:\u001b[93m14\u001b[0m\r\n    \u001b[7m4\u001b[0m export const getApplicantsPending = async () => {\r\n    \u001b[7m \u001b[0m \u001b[96m             ~~~~~~~~~~~~~~~~~~~~\u001b[0m\r\n    'getApplicantsPending' is declared here.\r\n\u001b[96mcontroller/applicants.ts\u001b[0m:\u001b[93m4\u001b[0m:\u001b[93m202\u001b[0m - \u001b[91merror\u001b[0m\u001b[90m TS2305: \u001b[0mModule '\"../services/applicant\"' has no exported member 'updateFinalizedApplicantStatus'.\r\n\r\n\u001b[7m4\u001b[0m import { createApplicants, getApplicantsFailed, getApplicantsOngoing, getApplicantsPassed, getApplicantsPending, getApplicantsRejected, getOngoingStatusByApplicant, ongoingApplicants, rejectApplicant, updateFinalizedApplicantStatus } from '../services/applicant';\r\n\u001b[7m \u001b[0m \u001b[91m                                                                                                                                                                                                         ~~~~~~~~~~~~~~~~~~~~~~~~~~~~~~\u001b[0m\r\n\nTSError: ⨯ Unable to compile TypeScript:\n\u001b[96mcontroller/applicants.ts\u001b[0m:\u001b[93m4\u001b[0m:\u001b[93m28\u001b[0m - \u001b[91merror\u001b[0m\u001b[90m TS2305: \u001b[0mModule '\"../services/applicant\"' has no exported member 'getApplicantsFailed'.\r\n\r\n\u001b[7m4\u001b[0m import { createApplicants, getApplicantsFailed, getApplicantsOngoing, getApplicantsPassed, getApplicantsPending, getApplicantsRejected, getOngoingStatusByApplicant, ongoingApplicants, rejectApplicant, updateFinalizedApplicantStatus } from '../services/applicant';\r\n\u001b[7m \u001b[0m \u001b[91m                           ~~~~~~~~~~~~~~~~~~~\u001b[0m\r\n\u001b[96mcontroller/applicants.ts\u001b[0m:\u001b[93m4\u001b[0m:\u001b[93m71\u001b[0m - \u001b[91merror\u001b[0m\u001b[90m TS2724: \u001b[0m'\"../services/applicant\"' has no exported member named 'getApplicantsPassed'. Did you mean 'getApplicantsPending'?\r\n\r\n\u001b[7m4\u001b[0m import { createApplicants, getApplicantsFailed, getApplicantsOngoing, getApplicantsPassed, getApplicantsPending, getApplicantsRejected, getOngoingStatusByApplicant, ongoingApplicants, rejectApplicant, updateFinalizedApplicantStatus } from '../services/applicant';\r\n\u001b[7m \u001b[0m \u001b[91m                                                                      ~~~~~~~~~~~~~~~~~~~\u001b[0m\r\n\r\n  \u001b[96mservices/applicant.ts\u001b[0m:\u001b[93m4\u001b[0m:\u001b[93m14\u001b[0m\r\n    \u001b[7m4\u001b[0m export const getApplicantsPending = async () => {\r\n    \u001b[7m \u001b[0m \u001b[96m             ~~~~~~~~~~~~~~~~~~~~\u001b[0m\r\n    'getApplicantsPending' is declared here.\r\n\u001b[96mcontroller/applicants.ts\u001b[0m:\u001b[93m4\u001b[0m:\u001b[93m202\u001b[0m - \u001b[91merror\u001b[0m\u001b[90m TS2305: \u001b[0mModule '\"../services/applicant\"' has no exported member 'updateFinalizedApplicantStatus'.\r\n\r\n\u001b[7m4\u001b[0m import { createApplicants, getApplicantsFailed, getApplicantsOngoing, getApplicantsPassed, getApplicantsPending, getApplicantsRejected, getOngoingStatusByApplicant, ongoingApplicants, rejectApplicant, updateFinalizedApplicantStatus } from '../services/applicant';\r\n\u001b[7m \u001b[0m \u001b[91m                                                                                                                                                                                                         ~~~~~~~~~~~~~~~~~~~~~~~~~~~~~~\u001b[0m\r\n\n    at createTSError (C:\\Users\\decos\\OneDrive\\Desktop\\hr-database\\node_modules\\ts-node\\src\\index.ts:859:12)\n    at reportTSError (C:\\Users\\decos\\OneDrive\\Desktop\\hr-database\\node_modules\\ts-node\\src\\index.ts:863:19)\n    at getOutput (C:\\Users\\decos\\OneDrive\\Desktop\\hr-database\\node_modules\\ts-node\\src\\index.ts:1077:36)\n    at Object.compile (C:\\Users\\decos\\OneDrive\\Desktop\\hr-database\\node_modules\\ts-node\\src\\index.ts:1433:41)\n    at Module.m._compile (C:\\Users\\decos\\OneDrive\\Desktop\\hr-database\\node_modules\\ts-node\\src\\index.ts:1617:30)\n    at Module._extensions..js (node:internal/modules/cjs/loader:1435:10)\n    at Object.require.extensions.<computed> [as .ts] (C:\\Users\\decos\\OneDrive\\Desktop\\hr-database\\node_modules\\ts-node\\src\\index.ts:1621:12)\n    at Module.load (node:internal/modules/cjs/loader:1207:32)\n    at Function.Module._load (node:internal/modules/cjs/loader:1023:12)\n    at Module.require (node:internal/modules/cjs/loader:1235:19)","os":{"loadavg":[0,0,0],"uptime":2540.156},"process":{"argv":["C:\\Users\\decos\\OneDrive\\Desktop\\hr-database\\node_modules\\ts-node\\dist\\bin.js","C:\\Users\\decos\\OneDrive\\Desktop\\hr-database\\app.ts"],"cwd":"C:\\Users\\decos\\OneDrive\\Desktop\\hr-database","execPath":"C:\\Program Files\\nodejs\\node.exe","gid":null,"memoryUsage":{"arrayBuffers":4867423,"external":7800790,"heapTotal":304271360,"heapUsed":275689392,"rss":352829440},"pid":22348,"uid":null,"version":"v20.10.0"},"stack":"TSError: ⨯ Unable to compile TypeScript:\n\u001b[96mcontroller/applicants.ts\u001b[0m:\u001b[93m4\u001b[0m:\u001b[93m28\u001b[0m - \u001b[91merror\u001b[0m\u001b[90m TS2305: \u001b[0mModule '\"../services/applicant\"' has no exported member 'getApplicantsFailed'.\r\n\r\n\u001b[7m4\u001b[0m import { createApplicants, getApplicantsFailed, getApplicantsOngoing, getApplicantsPassed, getApplicantsPending, getApplicantsRejected, getOngoingStatusByApplicant, ongoingApplicants, rejectApplicant, updateFinalizedApplicantStatus } from '../services/applicant';\r\n\u001b[7m \u001b[0m \u001b[91m                           ~~~~~~~~~~~~~~~~~~~\u001b[0m\r\n\u001b[96mcontroller/applicants.ts\u001b[0m:\u001b[93m4\u001b[0m:\u001b[93m71\u001b[0m - \u001b[91merror\u001b[0m\u001b[90m TS2724: \u001b[0m'\"../services/applicant\"' has no exported member named 'getApplicantsPassed'. Did you mean 'getApplicantsPending'?\r\n\r\n\u001b[7m4\u001b[0m import { createApplicants, getApplicantsFailed, getApplicantsOngoing, getApplicantsPassed, getApplicantsPending, getApplicantsRejected, getOngoingStatusByApplicant, ongoingApplicants, rejectApplicant, updateFinalizedApplicantStatus } from '../services/applicant';\r\n\u001b[7m \u001b[0m \u001b[91m                                                                      ~~~~~~~~~~~~~~~~~~~\u001b[0m\r\n\r\n  \u001b[96mservices/applicant.ts\u001b[0m:\u001b[93m4\u001b[0m:\u001b[93m14\u001b[0m\r\n    \u001b[7m4\u001b[0m export const getApplicantsPending = async () => {\r\n    \u001b[7m \u001b[0m \u001b[96m             ~~~~~~~~~~~~~~~~~~~~\u001b[0m\r\n    'getApplicantsPending' is declared here.\r\n\u001b[96mcontroller/applicants.ts\u001b[0m:\u001b[93m4\u001b[0m:\u001b[93m202\u001b[0m - \u001b[91merror\u001b[0m\u001b[90m TS2305: \u001b[0mModule '\"../services/applicant\"' has no exported member 'updateFinalizedApplicantStatus'.\r\n\r\n\u001b[7m4\u001b[0m import { createApplicants, getApplicantsFailed, getApplicantsOngoing, getApplicantsPassed, getApplicantsPending, getApplicantsRejected, getOngoingStatusByApplicant, ongoingApplicants, rejectApplicant, updateFinalizedApplicantStatus } from '../services/applicant';\r\n\u001b[7m \u001b[0m \u001b[91m                                                                                                                                                                                                         ~~~~~~~~~~~~~~~~~~~~~~~~~~~~~~\u001b[0m\r\n\n    at createTSError (C:\\Users\\decos\\OneDrive\\Desktop\\hr-database\\node_modules\\ts-node\\src\\index.ts:859:12)\n    at reportTSError (C:\\Users\\decos\\OneDrive\\Desktop\\hr-database\\node_modules\\ts-node\\src\\index.ts:863:19)\n    at getOutput (C:\\Users\\decos\\OneDrive\\Desktop\\hr-database\\node_modules\\ts-node\\src\\index.ts:1077:36)\n    at Object.compile (C:\\Users\\decos\\OneDrive\\Desktop\\hr-database\\node_modules\\ts-node\\src\\index.ts:1433:41)\n    at Module.m._compile (C:\\Users\\decos\\OneDrive\\Desktop\\hr-database\\node_modules\\ts-node\\src\\index.ts:1617:30)\n    at Module._extensions..js (node:internal/modules/cjs/loader:1435:10)\n    at Object.require.extensions.<computed> [as .ts] (C:\\Users\\decos\\OneDrive\\Desktop\\hr-database\\node_modules\\ts-node\\src\\index.ts:1621:12)\n    at Module.load (node:internal/modules/cjs/loader:1207:32)\n    at Function.Module._load (node:internal/modules/cjs/loader:1023:12)\n    at Module.require (node:internal/modules/cjs/loader:1235:19)","timestamp":"2025-03-05T14:23:15.437Z","trace":[{"column":12,"file":"C:\\Users\\decos\\OneDrive\\Desktop\\hr-database\\node_modules\\ts-node\\src\\index.ts","function":"createTSError","line":859,"method":null,"native":false},{"column":19,"file":"C:\\Users\\decos\\OneDrive\\Desktop\\hr-database\\node_modules\\ts-node\\src\\index.ts","function":"reportTSError","line":863,"method":null,"native":false},{"column":36,"file":"C:\\Users\\decos\\OneDrive\\Desktop\\hr-database\\node_modules\\ts-node\\src\\index.ts","function":"getOutput","line":1077,"method":null,"native":false},{"column":41,"file":"C:\\Users\\decos\\OneDrive\\Desktop\\hr-database\\node_modules\\ts-node\\src\\index.ts","function":"Object.compile","line":1433,"method":"compile","native":false},{"column":30,"file":"C:\\Users\\decos\\OneDrive\\Desktop\\hr-database\\node_modules\\ts-node\\src\\index.ts","function":"Module.m._compile","line":1617,"method":"_compile","native":false},{"column":10,"file":"node:internal/modules/cjs/loader","function":"Module._extensions..js","line":1435,"method":".js","native":false},{"column":12,"file":"C:\\Users\\decos\\OneDrive\\Desktop\\hr-database\\node_modules\\ts-node\\src\\index.ts","function":"Object.require.extensions.<computed> [as .ts]","line":1621,"method":"ts]","native":false},{"column":32,"file":"node:internal/modules/cjs/loader","function":"Module.load","line":1207,"method":"load","native":false},{"column":12,"file":"node:internal/modules/cjs/loader","function":"Module._load","line":1023,"method":"_load","native":false},{"column":19,"file":"node:internal/modules/cjs/loader","function":"Module.require","line":1235,"method":"require","native":false}]}
{"date":"Wed Mar 05 2025 22:24:25 GMT+0800 (Philippine Standard Time)","error":{"diagnosticCodes":[2305,2724,2305]},"exception":true,"level":"error","message":"uncaughtException: ⨯ Unable to compile TypeScript:\n\u001b[96mcontroller/applicants.ts\u001b[0m:\u001b[93m4\u001b[0m:\u001b[93m28\u001b[0m - \u001b[91merror\u001b[0m\u001b[90m TS2305: \u001b[0mModule '\"../services/applicant\"' has no exported member 'getApplicantsFailed'.\r\n\r\n\u001b[7m4\u001b[0m import { createApplicants, getApplicantsFailed, getApplicantsOngoing, getApplicantsPassed, getApplicantsPending, getApplicantsRejected, getOngoingStatusByApplicant, ongoingApplicants, rejectApplicant, updateFinalizedApplicantStatus } from '../services/applicant';\r\n\u001b[7m \u001b[0m \u001b[91m                           ~~~~~~~~~~~~~~~~~~~\u001b[0m\r\n\u001b[96mcontroller/applicants.ts\u001b[0m:\u001b[93m4\u001b[0m:\u001b[93m71\u001b[0m - \u001b[91merror\u001b[0m\u001b[90m TS2724: \u001b[0m'\"../services/applicant\"' has no exported member named 'getApplicantsPassed'. Did you mean 'getApplicantsPending'?\r\n\r\n\u001b[7m4\u001b[0m import { createApplicants, getApplicantsFailed, getApplicantsOngoing, getApplicantsPassed, getApplicantsPending, getApplicantsRejected, getOngoingStatusByApplicant, ongoingApplicants, rejectApplicant, updateFinalizedApplicantStatus } from '../services/applicant';\r\n\u001b[7m \u001b[0m \u001b[91m                                                                      ~~~~~~~~~~~~~~~~~~~\u001b[0m\r\n\r\n  \u001b[96mservices/applicant.ts\u001b[0m:\u001b[93m4\u001b[0m:\u001b[93m14\u001b[0m\r\n    \u001b[7m4\u001b[0m export const getApplicantsPending = async () => {\r\n    \u001b[7m \u001b[0m \u001b[96m             ~~~~~~~~~~~~~~~~~~~~\u001b[0m\r\n    'getApplicantsPending' is declared here.\r\n\u001b[96mcontroller/applicants.ts\u001b[0m:\u001b[93m4\u001b[0m:\u001b[93m202\u001b[0m - \u001b[91merror\u001b[0m\u001b[90m TS2305: \u001b[0mModule '\"../services/applicant\"' has no exported member 'updateFinalizedApplicantStatus'.\r\n\r\n\u001b[7m4\u001b[0m import { createApplicants, getApplicantsFailed, getApplicantsOngoing, getApplicantsPassed, getApplicantsPending, getApplicantsRejected, getOngoingStatusByApplicant, ongoingApplicants, rejectApplicant, updateFinalizedApplicantStatus } from '../services/applicant';\r\n\u001b[7m \u001b[0m \u001b[91m                                                                                                                                                                                                         ~~~~~~~~~~~~~~~~~~~~~~~~~~~~~~\u001b[0m\r\n\nTSError: ⨯ Unable to compile TypeScript:\n\u001b[96mcontroller/applicants.ts\u001b[0m:\u001b[93m4\u001b[0m:\u001b[93m28\u001b[0m - \u001b[91merror\u001b[0m\u001b[90m TS2305: \u001b[0mModule '\"../services/applicant\"' has no exported member 'getApplicantsFailed'.\r\n\r\n\u001b[7m4\u001b[0m import { createApplicants, getApplicantsFailed, getApplicantsOngoing, getApplicantsPassed, getApplicantsPending, getApplicantsRejected, getOngoingStatusByApplicant, ongoingApplicants, rejectApplicant, updateFinalizedApplicantStatus } from '../services/applicant';\r\n\u001b[7m \u001b[0m \u001b[91m                           ~~~~~~~~~~~~~~~~~~~\u001b[0m\r\n\u001b[96mcontroller/applicants.ts\u001b[0m:\u001b[93m4\u001b[0m:\u001b[93m71\u001b[0m - \u001b[91merror\u001b[0m\u001b[90m TS2724: \u001b[0m'\"../services/applicant\"' has no exported member named 'getApplicantsPassed'. Did you mean 'getApplicantsPending'?\r\n\r\n\u001b[7m4\u001b[0m import { createApplicants, getApplicantsFailed, getApplicantsOngoing, getApplicantsPassed, getApplicantsPending, getApplicantsRejected, getOngoingStatusByApplicant, ongoingApplicants, rejectApplicant, updateFinalizedApplicantStatus } from '../services/applicant';\r\n\u001b[7m \u001b[0m \u001b[91m                                                                      ~~~~~~~~~~~~~~~~~~~\u001b[0m\r\n\r\n  \u001b[96mservices/applicant.ts\u001b[0m:\u001b[93m4\u001b[0m:\u001b[93m14\u001b[0m\r\n    \u001b[7m4\u001b[0m export const getApplicantsPending = async () => {\r\n    \u001b[7m \u001b[0m \u001b[96m             ~~~~~~~~~~~~~~~~~~~~\u001b[0m\r\n    'getApplicantsPending' is declared here.\r\n\u001b[96mcontroller/applicants.ts\u001b[0m:\u001b[93m4\u001b[0m:\u001b[93m202\u001b[0m - \u001b[91merror\u001b[0m\u001b[90m TS2305: \u001b[0mModule '\"../services/applicant\"' has no exported member 'updateFinalizedApplicantStatus'.\r\n\r\n\u001b[7m4\u001b[0m import { createApplicants, getApplicantsFailed, getApplicantsOngoing, getApplicantsPassed, getApplicantsPending, getApplicantsRejected, getOngoingStatusByApplicant, ongoingApplicants, rejectApplicant, updateFinalizedApplicantStatus } from '../services/applicant';\r\n\u001b[7m \u001b[0m \u001b[91m                                                                                                                                                                                                         ~~~~~~~~~~~~~~~~~~~~~~~~~~~~~~\u001b[0m\r\n\n    at createTSError (C:\\Users\\decos\\OneDrive\\Desktop\\hr-database\\node_modules\\ts-node\\src\\index.ts:859:12)\n    at reportTSError (C:\\Users\\decos\\OneDrive\\Desktop\\hr-database\\node_modules\\ts-node\\src\\index.ts:863:19)\n    at getOutput (C:\\Users\\decos\\OneDrive\\Desktop\\hr-database\\node_modules\\ts-node\\src\\index.ts:1077:36)\n    at Object.compile (C:\\Users\\decos\\OneDrive\\Desktop\\hr-database\\node_modules\\ts-node\\src\\index.ts:1433:41)\n    at Module.m._compile (C:\\Users\\decos\\OneDrive\\Desktop\\hr-database\\node_modules\\ts-node\\src\\index.ts:1617:30)\n    at Module._extensions..js (node:internal/modules/cjs/loader:1435:10)\n    at Object.require.extensions.<computed> [as .ts] (C:\\Users\\decos\\OneDrive\\Desktop\\hr-database\\node_modules\\ts-node\\src\\index.ts:1621:12)\n    at Module.load (node:internal/modules/cjs/loader:1207:32)\n    at Function.Module._load (node:internal/modules/cjs/loader:1023:12)\n    at Module.require (node:internal/modules/cjs/loader:1235:19)","os":{"loadavg":[0,0,0],"uptime":2610.625},"process":{"argv":["C:\\Users\\decos\\OneDrive\\Desktop\\hr-database\\node_modules\\ts-node\\dist\\bin.js","C:\\Users\\decos\\OneDrive\\Desktop\\hr-database\\app.ts"],"cwd":"C:\\Users\\decos\\OneDrive\\Desktop\\hr-database","execPath":"C:\\Program Files\\nodejs\\node.exe","gid":null,"memoryUsage":{"arrayBuffers":4867423,"external":7800790,"heapTotal":304271360,"heapUsed":276280656,"rss":353230848},"pid":13540,"uid":null,"version":"v20.10.0"},"stack":"TSError: ⨯ Unable to compile TypeScript:\n\u001b[96mcontroller/applicants.ts\u001b[0m:\u001b[93m4\u001b[0m:\u001b[93m28\u001b[0m - \u001b[91merror\u001b[0m\u001b[90m TS2305: \u001b[0mModule '\"../services/applicant\"' has no exported member 'getApplicantsFailed'.\r\n\r\n\u001b[7m4\u001b[0m import { createApplicants, getApplicantsFailed, getApplicantsOngoing, getApplicantsPassed, getApplicantsPending, getApplicantsRejected, getOngoingStatusByApplicant, ongoingApplicants, rejectApplicant, updateFinalizedApplicantStatus } from '../services/applicant';\r\n\u001b[7m \u001b[0m \u001b[91m                           ~~~~~~~~~~~~~~~~~~~\u001b[0m\r\n\u001b[96mcontroller/applicants.ts\u001b[0m:\u001b[93m4\u001b[0m:\u001b[93m71\u001b[0m - \u001b[91merror\u001b[0m\u001b[90m TS2724: \u001b[0m'\"../services/applicant\"' has no exported member named 'getApplicantsPassed'. Did you mean 'getApplicantsPending'?\r\n\r\n\u001b[7m4\u001b[0m import { createApplicants, getApplicantsFailed, getApplicantsOngoing, getApplicantsPassed, getApplicantsPending, getApplicantsRejected, getOngoingStatusByApplicant, ongoingApplicants, rejectApplicant, updateFinalizedApplicantStatus } from '../services/applicant';\r\n\u001b[7m \u001b[0m \u001b[91m                                                                      ~~~~~~~~~~~~~~~~~~~\u001b[0m\r\n\r\n  \u001b[96mservices/applicant.ts\u001b[0m:\u001b[93m4\u001b[0m:\u001b[93m14\u001b[0m\r\n    \u001b[7m4\u001b[0m export const getApplicantsPending = async () => {\r\n    \u001b[7m \u001b[0m \u001b[96m             ~~~~~~~~~~~~~~~~~~~~\u001b[0m\r\n    'getApplicantsPending' is declared here.\r\n\u001b[96mcontroller/applicants.ts\u001b[0m:\u001b[93m4\u001b[0m:\u001b[93m202\u001b[0m - \u001b[91merror\u001b[0m\u001b[90m TS2305: \u001b[0mModule '\"../services/applicant\"' has no exported member 'updateFinalizedApplicantStatus'.\r\n\r\n\u001b[7m4\u001b[0m import { createApplicants, getApplicantsFailed, getApplicantsOngoing, getApplicantsPassed, getApplicantsPending, getApplicantsRejected, getOngoingStatusByApplicant, ongoingApplicants, rejectApplicant, updateFinalizedApplicantStatus } from '../services/applicant';\r\n\u001b[7m \u001b[0m \u001b[91m                                                                                                                                                                                                         ~~~~~~~~~~~~~~~~~~~~~~~~~~~~~~\u001b[0m\r\n\n    at createTSError (C:\\Users\\decos\\OneDrive\\Desktop\\hr-database\\node_modules\\ts-node\\src\\index.ts:859:12)\n    at reportTSError (C:\\Users\\decos\\OneDrive\\Desktop\\hr-database\\node_modules\\ts-node\\src\\index.ts:863:19)\n    at getOutput (C:\\Users\\decos\\OneDrive\\Desktop\\hr-database\\node_modules\\ts-node\\src\\index.ts:1077:36)\n    at Object.compile (C:\\Users\\decos\\OneDrive\\Desktop\\hr-database\\node_modules\\ts-node\\src\\index.ts:1433:41)\n    at Module.m._compile (C:\\Users\\decos\\OneDrive\\Desktop\\hr-database\\node_modules\\ts-node\\src\\index.ts:1617:30)\n    at Module._extensions..js (node:internal/modules/cjs/loader:1435:10)\n    at Object.require.extensions.<computed> [as .ts] (C:\\Users\\decos\\OneDrive\\Desktop\\hr-database\\node_modules\\ts-node\\src\\index.ts:1621:12)\n    at Module.load (node:internal/modules/cjs/loader:1207:32)\n    at Function.Module._load (node:internal/modules/cjs/loader:1023:12)\n    at Module.require (node:internal/modules/cjs/loader:1235:19)","timestamp":"2025-03-05T14:24:25.910Z","trace":[{"column":12,"file":"C:\\Users\\decos\\OneDrive\\Desktop\\hr-database\\node_modules\\ts-node\\src\\index.ts","function":"createTSError","line":859,"method":null,"native":false},{"column":19,"file":"C:\\Users\\decos\\OneDrive\\Desktop\\hr-database\\node_modules\\ts-node\\src\\index.ts","function":"reportTSError","line":863,"method":null,"native":false},{"column":36,"file":"C:\\Users\\decos\\OneDrive\\Desktop\\hr-database\\node_modules\\ts-node\\src\\index.ts","function":"getOutput","line":1077,"method":null,"native":false},{"column":41,"file":"C:\\Users\\decos\\OneDrive\\Desktop\\hr-database\\node_modules\\ts-node\\src\\index.ts","function":"Object.compile","line":1433,"method":"compile","native":false},{"column":30,"file":"C:\\Users\\decos\\OneDrive\\Desktop\\hr-database\\node_modules\\ts-node\\src\\index.ts","function":"Module.m._compile","line":1617,"method":"_compile","native":false},{"column":10,"file":"node:internal/modules/cjs/loader","function":"Module._extensions..js","line":1435,"method":".js","native":false},{"column":12,"file":"C:\\Users\\decos\\OneDrive\\Desktop\\hr-database\\node_modules\\ts-node\\src\\index.ts","function":"Object.require.extensions.<computed> [as .ts]","line":1621,"method":"ts]","native":false},{"column":32,"file":"node:internal/modules/cjs/loader","function":"Module.load","line":1207,"method":"load","native":false},{"column":12,"file":"node:internal/modules/cjs/loader","function":"Module._load","line":1023,"method":"_load","native":false},{"column":19,"file":"node:internal/modules/cjs/loader","function":"Module.require","line":1235,"method":"require","native":false}]}
{"date":"Wed Mar 05 2025 22:24:55 GMT+0800 (Philippine Standard Time)","error":{"diagnosticCodes":[2305,2724,2305]},"exception":true,"level":"error","message":"uncaughtException: ⨯ Unable to compile TypeScript:\n\u001b[96mcontroller/applicants.ts\u001b[0m:\u001b[93m4\u001b[0m:\u001b[93m28\u001b[0m - \u001b[91merror\u001b[0m\u001b[90m TS2305: \u001b[0mModule '\"../services/applicant\"' has no exported member 'getApplicantsFailed'.\r\n\r\n\u001b[7m4\u001b[0m import { createApplicants, getApplicantsFailed, getApplicantsOngoing, getApplicantsPassed, getApplicantsPending, getApplicantsRejected, getOngoingStatusByApplicant, ongoingApplicants, rejectApplicant, updateFinalizedApplicantStatus } from '../services/applicant';\r\n\u001b[7m \u001b[0m \u001b[91m                           ~~~~~~~~~~~~~~~~~~~\u001b[0m\r\n\u001b[96mcontroller/applicants.ts\u001b[0m:\u001b[93m4\u001b[0m:\u001b[93m71\u001b[0m - \u001b[91merror\u001b[0m\u001b[90m TS2724: \u001b[0m'\"../services/applicant\"' has no exported member named 'getApplicantsPassed'. Did you mean 'getApplicantsPending'?\r\n\r\n\u001b[7m4\u001b[0m import { createApplicants, getApplicantsFailed, getApplicantsOngoing, getApplicantsPassed, getApplicantsPending, getApplicantsRejected, getOngoingStatusByApplicant, ongoingApplicants, rejectApplicant, updateFinalizedApplicantStatus } from '../services/applicant';\r\n\u001b[7m \u001b[0m \u001b[91m                                                                      ~~~~~~~~~~~~~~~~~~~\u001b[0m\r\n\r\n  \u001b[96mservices/applicant.ts\u001b[0m:\u001b[93m4\u001b[0m:\u001b[93m14\u001b[0m\r\n    \u001b[7m4\u001b[0m export const getApplicantsPending = async () => {\r\n    \u001b[7m \u001b[0m \u001b[96m             ~~~~~~~~~~~~~~~~~~~~\u001b[0m\r\n    'getApplicantsPending' is declared here.\r\n\u001b[96mcontroller/applicants.ts\u001b[0m:\u001b[93m4\u001b[0m:\u001b[93m202\u001b[0m - \u001b[91merror\u001b[0m\u001b[90m TS2305: \u001b[0mModule '\"../services/applicant\"' has no exported member 'updateFinalizedApplicantStatus'.\r\n\r\n\u001b[7m4\u001b[0m import { createApplicants, getApplicantsFailed, getApplicantsOngoing, getApplicantsPassed, getApplicantsPending, getApplicantsRejected, getOngoingStatusByApplicant, ongoingApplicants, rejectApplicant, updateFinalizedApplicantStatus } from '../services/applicant';\r\n\u001b[7m \u001b[0m \u001b[91m                                                                                                                                                                                                         ~~~~~~~~~~~~~~~~~~~~~~~~~~~~~~\u001b[0m\r\n\nTSError: ⨯ Unable to compile TypeScript:\n\u001b[96mcontroller/applicants.ts\u001b[0m:\u001b[93m4\u001b[0m:\u001b[93m28\u001b[0m - \u001b[91merror\u001b[0m\u001b[90m TS2305: \u001b[0mModule '\"../services/applicant\"' has no exported member 'getApplicantsFailed'.\r\n\r\n\u001b[7m4\u001b[0m import { createApplicants, getApplicantsFailed, getApplicantsOngoing, getApplicantsPassed, getApplicantsPending, getApplicantsRejected, getOngoingStatusByApplicant, ongoingApplicants, rejectApplicant, updateFinalizedApplicantStatus } from '../services/applicant';\r\n\u001b[7m \u001b[0m \u001b[91m                           ~~~~~~~~~~~~~~~~~~~\u001b[0m\r\n\u001b[96mcontroller/applicants.ts\u001b[0m:\u001b[93m4\u001b[0m:\u001b[93m71\u001b[0m - \u001b[91merror\u001b[0m\u001b[90m TS2724: \u001b[0m'\"../services/applicant\"' has no exported member named 'getApplicantsPassed'. Did you mean 'getApplicantsPending'?\r\n\r\n\u001b[7m4\u001b[0m import { createApplicants, getApplicantsFailed, getApplicantsOngoing, getApplicantsPassed, getApplicantsPending, getApplicantsRejected, getOngoingStatusByApplicant, ongoingApplicants, rejectApplicant, updateFinalizedApplicantStatus } from '../services/applicant';\r\n\u001b[7m \u001b[0m \u001b[91m                                                                      ~~~~~~~~~~~~~~~~~~~\u001b[0m\r\n\r\n  \u001b[96mservices/applicant.ts\u001b[0m:\u001b[93m4\u001b[0m:\u001b[93m14\u001b[0m\r\n    \u001b[7m4\u001b[0m export const getApplicantsPending = async () => {\r\n    \u001b[7m \u001b[0m \u001b[96m             ~~~~~~~~~~~~~~~~~~~~\u001b[0m\r\n    'getApplicantsPending' is declared here.\r\n\u001b[96mcontroller/applicants.ts\u001b[0m:\u001b[93m4\u001b[0m:\u001b[93m202\u001b[0m - \u001b[91merror\u001b[0m\u001b[90m TS2305: \u001b[0mModule '\"../services/applicant\"' has no exported member 'updateFinalizedApplicantStatus'.\r\n\r\n\u001b[7m4\u001b[0m import { createApplicants, getApplicantsFailed, getApplicantsOngoing, getApplicantsPassed, getApplicantsPending, getApplicantsRejected, getOngoingStatusByApplicant, ongoingApplicants, rejectApplicant, updateFinalizedApplicantStatus } from '../services/applicant';\r\n\u001b[7m \u001b[0m \u001b[91m                                                                                                                                                                                                         ~~~~~~~~~~~~~~~~~~~~~~~~~~~~~~\u001b[0m\r\n\n    at createTSError (C:\\Users\\decos\\OneDrive\\Desktop\\hr-database\\node_modules\\ts-node\\src\\index.ts:859:12)\n    at reportTSError (C:\\Users\\decos\\OneDrive\\Desktop\\hr-database\\node_modules\\ts-node\\src\\index.ts:863:19)\n    at getOutput (C:\\Users\\decos\\OneDrive\\Desktop\\hr-database\\node_modules\\ts-node\\src\\index.ts:1077:36)\n    at Object.compile (C:\\Users\\decos\\OneDrive\\Desktop\\hr-database\\node_modules\\ts-node\\src\\index.ts:1433:41)\n    at Module.m._compile (C:\\Users\\decos\\OneDrive\\Desktop\\hr-database\\node_modules\\ts-node\\src\\index.ts:1617:30)\n    at Module._extensions..js (node:internal/modules/cjs/loader:1435:10)\n    at Object.require.extensions.<computed> [as .ts] (C:\\Users\\decos\\OneDrive\\Desktop\\hr-database\\node_modules\\ts-node\\src\\index.ts:1621:12)\n    at Module.load (node:internal/modules/cjs/loader:1207:32)\n    at Function.Module._load (node:internal/modules/cjs/loader:1023:12)\n    at Module.require (node:internal/modules/cjs/loader:1235:19)","os":{"loadavg":[0,0,0],"uptime":2640.328},"process":{"argv":["C:\\Users\\decos\\OneDrive\\Desktop\\hr-database\\node_modules\\ts-node\\dist\\bin.js","C:\\Users\\decos\\OneDrive\\Desktop\\hr-database\\app.ts"],"cwd":"C:\\Users\\decos\\OneDrive\\Desktop\\hr-database","execPath":"C:\\Program Files\\nodejs\\node.exe","gid":null,"memoryUsage":{"arrayBuffers":4867471,"external":7807361,"heapTotal":303484928,"heapUsed":279873136,"rss":353447936},"pid":8248,"uid":null,"version":"v20.10.0"},"stack":"TSError: ⨯ Unable to compile TypeScript:\n\u001b[96mcontroller/applicants.ts\u001b[0m:\u001b[93m4\u001b[0m:\u001b[93m28\u001b[0m - \u001b[91merror\u001b[0m\u001b[90m TS2305: \u001b[0mModule '\"../services/applicant\"' has no exported member 'getApplicantsFailed'.\r\n\r\n\u001b[7m4\u001b[0m import { createApplicants, getApplicantsFailed, getApplicantsOngoing, getApplicantsPassed, getApplicantsPending, getApplicantsRejected, getOngoingStatusByApplicant, ongoingApplicants, rejectApplicant, updateFinalizedApplicantStatus } from '../services/applicant';\r\n\u001b[7m \u001b[0m \u001b[91m                           ~~~~~~~~~~~~~~~~~~~\u001b[0m\r\n\u001b[96mcontroller/applicants.ts\u001b[0m:\u001b[93m4\u001b[0m:\u001b[93m71\u001b[0m - \u001b[91merror\u001b[0m\u001b[90m TS2724: \u001b[0m'\"../services/applicant\"' has no exported member named 'getApplicantsPassed'. Did you mean 'getApplicantsPending'?\r\n\r\n\u001b[7m4\u001b[0m import { createApplicants, getApplicantsFailed, getApplicantsOngoing, getApplicantsPassed, getApplicantsPending, getApplicantsRejected, getOngoingStatusByApplicant, ongoingApplicants, rejectApplicant, updateFinalizedApplicantStatus } from '../services/applicant';\r\n\u001b[7m \u001b[0m \u001b[91m                                                                      ~~~~~~~~~~~~~~~~~~~\u001b[0m\r\n\r\n  \u001b[96mservices/applicant.ts\u001b[0m:\u001b[93m4\u001b[0m:\u001b[93m14\u001b[0m\r\n    \u001b[7m4\u001b[0m export const getApplicantsPending = async () => {\r\n    \u001b[7m \u001b[0m \u001b[96m             ~~~~~~~~~~~~~~~~~~~~\u001b[0m\r\n    'getApplicantsPending' is declared here.\r\n\u001b[96mcontroller/applicants.ts\u001b[0m:\u001b[93m4\u001b[0m:\u001b[93m202\u001b[0m - \u001b[91merror\u001b[0m\u001b[90m TS2305: \u001b[0mModule '\"../services/applicant\"' has no exported member 'updateFinalizedApplicantStatus'.\r\n\r\n\u001b[7m4\u001b[0m import { createApplicants, getApplicantsFailed, getApplicantsOngoing, getApplicantsPassed, getApplicantsPending, getApplicantsRejected, getOngoingStatusByApplicant, ongoingApplicants, rejectApplicant, updateFinalizedApplicantStatus } from '../services/applicant';\r\n\u001b[7m \u001b[0m \u001b[91m                                                                                                                                                                                                         ~~~~~~~~~~~~~~~~~~~~~~~~~~~~~~\u001b[0m\r\n\n    at createTSError (C:\\Users\\decos\\OneDrive\\Desktop\\hr-database\\node_modules\\ts-node\\src\\index.ts:859:12)\n    at reportTSError (C:\\Users\\decos\\OneDrive\\Desktop\\hr-database\\node_modules\\ts-node\\src\\index.ts:863:19)\n    at getOutput (C:\\Users\\decos\\OneDrive\\Desktop\\hr-database\\node_modules\\ts-node\\src\\index.ts:1077:36)\n    at Object.compile (C:\\Users\\decos\\OneDrive\\Desktop\\hr-database\\node_modules\\ts-node\\src\\index.ts:1433:41)\n    at Module.m._compile (C:\\Users\\decos\\OneDrive\\Desktop\\hr-database\\node_modules\\ts-node\\src\\index.ts:1617:30)\n    at Module._extensions..js (node:internal/modules/cjs/loader:1435:10)\n    at Object.require.extensions.<computed> [as .ts] (C:\\Users\\decos\\OneDrive\\Desktop\\hr-database\\node_modules\\ts-node\\src\\index.ts:1621:12)\n    at Module.load (node:internal/modules/cjs/loader:1207:32)\n    at Function.Module._load (node:internal/modules/cjs/loader:1023:12)\n    at Module.require (node:internal/modules/cjs/loader:1235:19)","timestamp":"2025-03-05T14:24:55.611Z","trace":[{"column":12,"file":"C:\\Users\\decos\\OneDrive\\Desktop\\hr-database\\node_modules\\ts-node\\src\\index.ts","function":"createTSError","line":859,"method":null,"native":false},{"column":19,"file":"C:\\Users\\decos\\OneDrive\\Desktop\\hr-database\\node_modules\\ts-node\\src\\index.ts","function":"reportTSError","line":863,"method":null,"native":false},{"column":36,"file":"C:\\Users\\decos\\OneDrive\\Desktop\\hr-database\\node_modules\\ts-node\\src\\index.ts","function":"getOutput","line":1077,"method":null,"native":false},{"column":41,"file":"C:\\Users\\decos\\OneDrive\\Desktop\\hr-database\\node_modules\\ts-node\\src\\index.ts","function":"Object.compile","line":1433,"method":"compile","native":false},{"column":30,"file":"C:\\Users\\decos\\OneDrive\\Desktop\\hr-database\\node_modules\\ts-node\\src\\index.ts","function":"Module.m._compile","line":1617,"method":"_compile","native":false},{"column":10,"file":"node:internal/modules/cjs/loader","function":"Module._extensions..js","line":1435,"method":".js","native":false},{"column":12,"file":"C:\\Users\\decos\\OneDrive\\Desktop\\hr-database\\node_modules\\ts-node\\src\\index.ts","function":"Object.require.extensions.<computed> [as .ts]","line":1621,"method":"ts]","native":false},{"column":32,"file":"node:internal/modules/cjs/loader","function":"Module.load","line":1207,"method":"load","native":false},{"column":12,"file":"node:internal/modules/cjs/loader","function":"Module._load","line":1023,"method":"_load","native":false},{"column":19,"file":"node:internal/modules/cjs/loader","function":"Module.require","line":1235,"method":"require","native":false}]}
{"date":"Wed Mar 05 2025 23:26:03 GMT+0800 (Philippine Standard Time)","error":{"diagnosticCodes":[2367,2367]},"exception":true,"level":"error","message":"uncaughtException: ⨯ Unable to compile TypeScript:\n\u001b[96mservices/applicant.ts\u001b[0m:\u001b[93m304\u001b[0m:\u001b[93m97\u001b[0m - \u001b[91merror\u001b[0m\u001b[90m TS2367: \u001b[0mThis comparison appears to be unintentional because the types '\"PASSED\" | \"FAILED\"' and '\"TO BE RATED\"' have no overlap.\r\n\r\n\u001b[7m304\u001b[0m                 countApplicantScreening: screeningResults.filter(s => s.status !== 'PENDING' && s.status !== 'TO BE RATED').length,\r\n\u001b[7m   \u001b[0m \u001b[91m                                                                                                ~~~~~~~~~~~~~~~~~~~~~~~~~~\u001b[0m\r\n\u001b[96mservices/applicant.ts\u001b[0m:\u001b[93m310\u001b[0m:\u001b[93m76\u001b[0m - \u001b[91merror\u001b[0m\u001b[90m TS2367: \u001b[0mThis comparison appears to be unintentional because the types '\"PASSED\" | \"FAILED\"' and '\"TO BE RATED\"' have no overlap.\r\n\r\n\u001b[7m310\u001b[0m                     (screeningResults.every(s => s.status !== 'PENDING' && s.status !== 'TO BE RATED') ? 'PASSED' : 'ONGOING')\r\n\u001b[7m   \u001b[0m \u001b[91m                                                                           ~~~~~~~~~~~~~~~~~~~~~~~~~~\u001b[0m\r\n\nTSError: ⨯ Unable to compile TypeScript:\n\u001b[96mservices/applicant.ts\u001b[0m:\u001b[93m304\u001b[0m:\u001b[93m97\u001b[0m - \u001b[91merror\u001b[0m\u001b[90m TS2367: \u001b[0mThis comparison appears to be unintentional because the types '\"PASSED\" | \"FAILED\"' and '\"TO BE RATED\"' have no overlap.\r\n\r\n\u001b[7m304\u001b[0m                 countApplicantScreening: screeningResults.filter(s => s.status !== 'PENDING' && s.status !== 'TO BE RATED').length,\r\n\u001b[7m   \u001b[0m \u001b[91m                                                                                                ~~~~~~~~~~~~~~~~~~~~~~~~~~\u001b[0m\r\n\u001b[96mservices/applicant.ts\u001b[0m:\u001b[93m310\u001b[0m:\u001b[93m76\u001b[0m - \u001b[91merror\u001b[0m\u001b[90m TS2367: \u001b[0mThis comparison appears to be unintentional because the types '\"PASSED\" | \"FAILED\"' and '\"TO BE RATED\"' have no overlap.\r\n\r\n\u001b[7m310\u001b[0m                     (screeningResults.every(s => s.status !== 'PENDING' && s.status !== 'TO BE RATED') ? 'PASSED' : 'ONGOING')\r\n\u001b[7m   \u001b[0m \u001b[91m                                                                           ~~~~~~~~~~~~~~~~~~~~~~~~~~\u001b[0m\r\n\n    at createTSError (C:\\Users\\decos\\OneDrive\\Desktop\\hr-database\\node_modules\\ts-node\\src\\index.ts:859:12)\n    at reportTSError (C:\\Users\\decos\\OneDrive\\Desktop\\hr-database\\node_modules\\ts-node\\src\\index.ts:863:19)\n    at getOutput (C:\\Users\\decos\\OneDrive\\Desktop\\hr-database\\node_modules\\ts-node\\src\\index.ts:1077:36)\n    at Object.compile (C:\\Users\\decos\\OneDrive\\Desktop\\hr-database\\node_modules\\ts-node\\src\\index.ts:1433:41)\n    at Module.m._compile (C:\\Users\\decos\\OneDrive\\Desktop\\hr-database\\node_modules\\ts-node\\src\\index.ts:1617:30)\n    at Module._extensions..js (node:internal/modules/cjs/loader:1435:10)\n    at Object.require.extensions.<computed> [as .ts] (C:\\Users\\decos\\OneDrive\\Desktop\\hr-database\\node_modules\\ts-node\\src\\index.ts:1621:12)\n    at Module.load (node:internal/modules/cjs/loader:1207:32)\n    at Function.Module._load (node:internal/modules/cjs/loader:1023:12)\n    at Module.require (node:internal/modules/cjs/loader:1235:19)","os":{"loadavg":[0,0,0],"uptime":6307.718},"process":{"argv":["C:\\Users\\decos\\OneDrive\\Desktop\\hr-database\\node_modules\\ts-node\\dist\\bin.js","C:\\Users\\decos\\OneDrive\\Desktop\\hr-database\\app.ts"],"cwd":"C:\\Users\\decos\\OneDrive\\Desktop\\hr-database","execPath":"C:\\Program Files\\nodejs\\node.exe","gid":null,"memoryUsage":{"arrayBuffers":4876555,"external":7809922,"heapTotal":306630656,"heapUsed":278336176,"rss":357441536},"pid":21376,"uid":null,"version":"v20.10.0"},"stack":"TSError: ⨯ Unable to compile TypeScript:\n\u001b[96mservices/applicant.ts\u001b[0m:\u001b[93m304\u001b[0m:\u001b[93m97\u001b[0m - \u001b[91merror\u001b[0m\u001b[90m TS2367: \u001b[0mThis comparison appears to be unintentional because the types '\"PASSED\" | \"FAILED\"' and '\"TO BE RATED\"' have no overlap.\r\n\r\n\u001b[7m304\u001b[0m                 countApplicantScreening: screeningResults.filter(s => s.status !== 'PENDING' && s.status !== 'TO BE RATED').length,\r\n\u001b[7m   \u001b[0m \u001b[91m                                                                                                ~~~~~~~~~~~~~~~~~~~~~~~~~~\u001b[0m\r\n\u001b[96mservices/applicant.ts\u001b[0m:\u001b[93m310\u001b[0m:\u001b[93m76\u001b[0m - \u001b[91merror\u001b[0m\u001b[90m TS2367: \u001b[0mThis comparison appears to be unintentional because the types '\"PASSED\" | \"FAILED\"' and '\"TO BE RATED\"' have no overlap.\r\n\r\n\u001b[7m310\u001b[0m                     (screeningResults.every(s => s.status !== 'PENDING' && s.status !== 'TO BE RATED') ? 'PASSED' : 'ONGOING')\r\n\u001b[7m   \u001b[0m \u001b[91m                                                                           ~~~~~~~~~~~~~~~~~~~~~~~~~~\u001b[0m\r\n\n    at createTSError (C:\\Users\\decos\\OneDrive\\Desktop\\hr-database\\node_modules\\ts-node\\src\\index.ts:859:12)\n    at reportTSError (C:\\Users\\decos\\OneDrive\\Desktop\\hr-database\\node_modules\\ts-node\\src\\index.ts:863:19)\n    at getOutput (C:\\Users\\decos\\OneDrive\\Desktop\\hr-database\\node_modules\\ts-node\\src\\index.ts:1077:36)\n    at Object.compile (C:\\Users\\decos\\OneDrive\\Desktop\\hr-database\\node_modules\\ts-node\\src\\index.ts:1433:41)\n    at Module.m._compile (C:\\Users\\decos\\OneDrive\\Desktop\\hr-database\\node_modules\\ts-node\\src\\index.ts:1617:30)\n    at Module._extensions..js (node:internal/modules/cjs/loader:1435:10)\n    at Object.require.extensions.<computed> [as .ts] (C:\\Users\\decos\\OneDrive\\Desktop\\hr-database\\node_modules\\ts-node\\src\\index.ts:1621:12)\n    at Module.load (node:internal/modules/cjs/loader:1207:32)\n    at Function.Module._load (node:internal/modules/cjs/loader:1023:12)\n    at Module.require (node:internal/modules/cjs/loader:1235:19)","timestamp":"2025-03-05T15:26:03.005Z","trace":[{"column":12,"file":"C:\\Users\\decos\\OneDrive\\Desktop\\hr-database\\node_modules\\ts-node\\src\\index.ts","function":"createTSError","line":859,"method":null,"native":false},{"column":19,"file":"C:\\Users\\decos\\OneDrive\\Desktop\\hr-database\\node_modules\\ts-node\\src\\index.ts","function":"reportTSError","line":863,"method":null,"native":false},{"column":36,"file":"C:\\Users\\decos\\OneDrive\\Desktop\\hr-database\\node_modules\\ts-node\\src\\index.ts","function":"getOutput","line":1077,"method":null,"native":false},{"column":41,"file":"C:\\Users\\decos\\OneDrive\\Desktop\\hr-database\\node_modules\\ts-node\\src\\index.ts","function":"Object.compile","line":1433,"method":"compile","native":false},{"column":30,"file":"C:\\Users\\decos\\OneDrive\\Desktop\\hr-database\\node_modules\\ts-node\\src\\index.ts","function":"Module.m._compile","line":1617,"method":"_compile","native":false},{"column":10,"file":"node:internal/modules/cjs/loader","function":"Module._extensions..js","line":1435,"method":".js","native":false},{"column":12,"file":"C:\\Users\\decos\\OneDrive\\Desktop\\hr-database\\node_modules\\ts-node\\src\\index.ts","function":"Object.require.extensions.<computed> [as .ts]","line":1621,"method":"ts]","native":false},{"column":32,"file":"node:internal/modules/cjs/loader","function":"Module.load","line":1207,"method":"load","native":false},{"column":12,"file":"node:internal/modules/cjs/loader","function":"Module._load","line":1023,"method":"_load","native":false},{"column":19,"file":"node:internal/modules/cjs/loader","function":"Module.require","line":1235,"method":"require","native":false}]}
{"date":"Wed Mar 05 2025 23:26:20 GMT+0800 (Philippine Standard Time)","error":{"diagnosticCodes":[2367]},"exception":true,"level":"error","message":"uncaughtException: ⨯ Unable to compile TypeScript:\n\u001b[96mservices/applicant.ts\u001b[0m:\u001b[93m310\u001b[0m:\u001b[93m76\u001b[0m - \u001b[91merror\u001b[0m\u001b[90m TS2367: \u001b[0mThis comparison appears to be unintentional because the types '\"PASSED\" | \"FAILED\"' and '\"TO BE RATED\"' have no overlap.\r\n\r\n\u001b[7m310\u001b[0m                     (screeningResults.every(s => s.status !== 'PENDING' && s.status !== 'TO BE RATED') ? 'PASSED' : 'ONGOING')\r\n\u001b[7m   \u001b[0m \u001b[91m                                                                           ~~~~~~~~~~~~~~~~~~~~~~~~~~\u001b[0m\r\n\nTSError: ⨯ Unable to compile TypeScript:\n\u001b[96mservices/applicant.ts\u001b[0m:\u001b[93m310\u001b[0m:\u001b[93m76\u001b[0m - \u001b[91merror\u001b[0m\u001b[90m TS2367: \u001b[0mThis comparison appears to be unintentional because the types '\"PASSED\" | \"FAILED\"' and '\"TO BE RATED\"' have no overlap.\r\n\r\n\u001b[7m310\u001b[0m                     (screeningResults.every(s => s.status !== 'PENDING' && s.status !== 'TO BE RATED') ? 'PASSED' : 'ONGOING')\r\n\u001b[7m   \u001b[0m \u001b[91m                                                                           ~~~~~~~~~~~~~~~~~~~~~~~~~~\u001b[0m\r\n\n    at createTSError (C:\\Users\\decos\\OneDrive\\Desktop\\hr-database\\node_modules\\ts-node\\src\\index.ts:859:12)\n    at reportTSError (C:\\Users\\decos\\OneDrive\\Desktop\\hr-database\\node_modules\\ts-node\\src\\index.ts:863:19)\n    at getOutput (C:\\Users\\decos\\OneDrive\\Desktop\\hr-database\\node_modules\\ts-node\\src\\index.ts:1077:36)\n    at Object.compile (C:\\Users\\decos\\OneDrive\\Desktop\\hr-database\\node_modules\\ts-node\\src\\index.ts:1433:41)\n    at Module.m._compile (C:\\Users\\decos\\OneDrive\\Desktop\\hr-database\\node_modules\\ts-node\\src\\index.ts:1617:30)\n    at Module._extensions..js (node:internal/modules/cjs/loader:1435:10)\n    at Object.require.extensions.<computed> [as .ts] (C:\\Users\\decos\\OneDrive\\Desktop\\hr-database\\node_modules\\ts-node\\src\\index.ts:1621:12)\n    at Module.load (node:internal/modules/cjs/loader:1207:32)\n    at Function.Module._load (node:internal/modules/cjs/loader:1023:12)\n    at Module.require (node:internal/modules/cjs/loader:1235:19)","os":{"loadavg":[0,0,0],"uptime":6324.953},"process":{"argv":["C:\\Users\\decos\\OneDrive\\Desktop\\hr-database\\node_modules\\ts-node\\dist\\bin.js","C:\\Users\\decos\\OneDrive\\Desktop\\hr-database\\app.ts"],"cwd":"C:\\Users\\decos\\OneDrive\\Desktop\\hr-database","execPath":"C:\\Program Files\\nodejs\\node.exe","gid":null,"memoryUsage":{"arrayBuffers":4876499,"external":7809866,"heapTotal":306630656,"heapUsed":278783184,"rss":358785024},"pid":21316,"uid":null,"version":"v20.10.0"},"stack":"TSError: ⨯ Unable to compile TypeScript:\n\u001b[96mservices/applicant.ts\u001b[0m:\u001b[93m310\u001b[0m:\u001b[93m76\u001b[0m - \u001b[91merror\u001b[0m\u001b[90m TS2367: \u001b[0mThis comparison appears to be unintentional because the types '\"PASSED\" | \"FAILED\"' and '\"TO BE RATED\"' have no overlap.\r\n\r\n\u001b[7m310\u001b[0m                     (screeningResults.every(s => s.status !== 'PENDING' && s.status !== 'TO BE RATED') ? 'PASSED' : 'ONGOING')\r\n\u001b[7m   \u001b[0m \u001b[91m                                                                           ~~~~~~~~~~~~~~~~~~~~~~~~~~\u001b[0m\r\n\n    at createTSError (C:\\Users\\decos\\OneDrive\\Desktop\\hr-database\\node_modules\\ts-node\\src\\index.ts:859:12)\n    at reportTSError (C:\\Users\\decos\\OneDrive\\Desktop\\hr-database\\node_modules\\ts-node\\src\\index.ts:863:19)\n    at getOutput (C:\\Users\\decos\\OneDrive\\Desktop\\hr-database\\node_modules\\ts-node\\src\\index.ts:1077:36)\n    at Object.compile (C:\\Users\\decos\\OneDrive\\Desktop\\hr-database\\node_modules\\ts-node\\src\\index.ts:1433:41)\n    at Module.m._compile (C:\\Users\\decos\\OneDrive\\Desktop\\hr-database\\node_modules\\ts-node\\src\\index.ts:1617:30)\n    at Module._extensions..js (node:internal/modules/cjs/loader:1435:10)\n    at Object.require.extensions.<computed> [as .ts] (C:\\Users\\decos\\OneDrive\\Desktop\\hr-database\\node_modules\\ts-node\\src\\index.ts:1621:12)\n    at Module.load (node:internal/modules/cjs/loader:1207:32)\n    at Function.Module._load (node:internal/modules/cjs/loader:1023:12)\n    at Module.require (node:internal/modules/cjs/loader:1235:19)","timestamp":"2025-03-05T15:26:20.228Z","trace":[{"column":12,"file":"C:\\Users\\decos\\OneDrive\\Desktop\\hr-database\\node_modules\\ts-node\\src\\index.ts","function":"createTSError","line":859,"method":null,"native":false},{"column":19,"file":"C:\\Users\\decos\\OneDrive\\Desktop\\hr-database\\node_modules\\ts-node\\src\\index.ts","function":"reportTSError","line":863,"method":null,"native":false},{"column":36,"file":"C:\\Users\\decos\\OneDrive\\Desktop\\hr-database\\node_modules\\ts-node\\src\\index.ts","function":"getOutput","line":1077,"method":null,"native":false},{"column":41,"file":"C:\\Users\\decos\\OneDrive\\Desktop\\hr-database\\node_modules\\ts-node\\src\\index.ts","function":"Object.compile","line":1433,"method":"compile","native":false},{"column":30,"file":"C:\\Users\\decos\\OneDrive\\Desktop\\hr-database\\node_modules\\ts-node\\src\\index.ts","function":"Module.m._compile","line":1617,"method":"_compile","native":false},{"column":10,"file":"node:internal/modules/cjs/loader","function":"Module._extensions..js","line":1435,"method":".js","native":false},{"column":12,"file":"C:\\Users\\decos\\OneDrive\\Desktop\\hr-database\\node_modules\\ts-node\\src\\index.ts","function":"Object.require.extensions.<computed> [as .ts]","line":1621,"method":"ts]","native":false},{"column":32,"file":"node:internal/modules/cjs/loader","function":"Module.load","line":1207,"method":"load","native":false},{"column":12,"file":"node:internal/modules/cjs/loader","function":"Module._load","line":1023,"method":"_load","native":false},{"column":19,"file":"node:internal/modules/cjs/loader","function":"Module.require","line":1235,"method":"require","native":false}]}
